Build started 10/28/2011 12:32:01 PM.
     1>Project "C:\temp\Graphics_Starting_Code\GLSLExperiment\GLSLExperiment.vcxproj" on node 2 (rebuild target(s)).
     1>_PrepareForClean:
         Deleting file "Release\GLSLExperiment.lastbuildstate".
       InitializeBuildStatus:
         Creating "Release\GLSLExperiment.unsuccessfulbuild" because "AlwaysCreate" was specified.
       ClCompile:
         c:\Program Files (x86)\Microsoft Visual Studio 10.0\VC\bin\CL.exe /c /I..\glew\lib /I..\glew\include /I..\freeglut\include\GL /Zi /nologo /W3 /WX- /O2 /Oi /Oy- /GL /D _MBCS /Gm- /EHsc /MD /GS /Gy /fp:precise /Zc:wchar_t /Zc:forScope /Fo"Release\\" /Fd"Release\vc100.pdb" /Gd /TP /analyze- /errorReport:prompt example1.cpp InitShader.cpp textfile.cpp
         example1.cpp
         InitShader.cpp
         textfile.cpp
       Link:
         c:\Program Files (x86)\Microsoft Visual Studio 10.0\VC\bin\link.exe /ERRORREPORT:PROMPT /OUT:"C:\temp\Graphics_Starting_Code\Release\GLSLExperiment.exe" /NOLOGO /LIBPATH:..\glew\lib /LIBPATH:..\freeglut\lib freeglut.lib glew32.lib glew32s.lib opengl32.lib glu32.lib kernel32.lib user32.lib gdi32.lib winspool.lib comdlg32.lib advapi32.lib shell32.lib ole32.lib oleaut32.lib uuid.lib odbc32.lib odbccp32.lib /MANIFEST /ManifestFile:"Release\GLSLExperiment.exe.intermediate.manifest" /MANIFESTUAC:"level='asInvoker' uiAccess='false'" /DEBUG /PDB:"C:\temp\Graphics_Starting_Code\Release\GLSLExperiment.pdb" /OPT:REF /OPT:ICF /LTCG /TLBID:1 /DYNAMICBASE /NXCOMPAT /IMPLIB:"C:\temp\Graphics_Starting_Code\Release\GLSLExperiment.lib" /MACHINE:X86 Release\example1.obj
         Release\InitShader.obj
         Release\textfile.obj
         Generating code
         Finished generating code
         GLSLExperiment.vcxproj -> C:\temp\Graphics_Starting_Code\Release\GLSLExperiment.exe
       Manifest:
         C:\Program Files (x86)\Microsoft SDKs\Windows\v7.0A\bin\mt.exe /nologo /verbose /outputresource:"C:\temp\Graphics_Starting_Code\Release\GLSLExperiment.exe;#1" /manifest Release\GLSLExperiment.exe.intermediate.manifest
       FinalizeBuildStatus:
         Deleting file "Release\GLSLExperiment.unsuccessfulbuild".
         Touching "Release\GLSLExperiment.lastbuildstate".
     1>Done Building Project "C:\temp\Graphics_Starting_Code\GLSLExperiment\GLSLExperiment.vcxproj" (rebuild target(s)).

Build succeeded.

Time Elapsed 00:00:01.41
